<?xml version="1.0" encoding="UTF-8"?>
<!-- Generated by org.testng.reporters.JUnitXMLReporter -->
<testsuite hostname="BDC4-D-1SV8N62" ignored="2" name="Test" tests="1" failures="0" timestamp="08 Feb 2019 09:27:19 GMT" time="24.377" errors="0">
  <testcase name="testAjaxFeature" time="24.34" classname="seleniumday1.TestAjax1"/>
  <testcase name="testDemoWebShopLogin" time="0.0" classname="seleniumday1.TestLoginDemoWebShop">
    <ignored/>
  </testcase> <!-- testDemoWebShopLogin -->
  <testcase name="testcities" time="0.0" classname="seleniumday1.TestCity1">
    <ignored/>
  </testcase> <!-- testcities -->
</testsuite> <!-- Test -->
