<?xml version="1.0" encoding="UTF-8"?>
<testng-results skipped="0" failed="0" ignored="0" total="3" passed="3">
  <reporter-output>
  </reporter-output>
  <suite name="Default suite" duration-ms="40018" started-at="2019-02-08T09:51:07Z" finished-at="2019-02-08T09:51:47Z">
    <groups>
    </groups>
    <test name="Default test" duration-ms="40018" started-at="2019-02-08T09:51:07Z" finished-at="2019-02-08T09:51:47Z">
      <class name="seleniumday1.TestLoginDemoWebShop">
        <test-method status="PASS" signature="beforeTest()[pri:0, instance:seleniumday1.TestLoginDemoWebShop@5b275dab]" name="beforeTest" is-config="true" duration-ms="13897" started-at="2019-02-08T09:51:07Z" finished-at="2019-02-08T09:51:21Z">
          <reporter-output>
          </reporter-output>
        </test-method> <!-- beforeTest -->
        <test-method status="PASS" signature="testDemoWebShopLogin(java.lang.String, java.lang.String)[pri:0, instance:seleniumday1.TestLoginDemoWebShop@5b275dab]" name="testDemoWebShopLogin" duration-ms="8682" started-at="2019-02-08T09:51:22Z" data-provider="dp1" finished-at="2019-02-08T09:51:31Z">
          <params>
            <param index="0">
              <value>
                <![CDATA[askmail@ymail.com]]>
              </value>
            </param>
            <param index="1">
              <value>
                <![CDATA[abc123]]>
              </value>
            </param>
          </params>
          <reporter-output>
          </reporter-output>
        </test-method> <!-- testDemoWebShopLogin -->
        <test-method status="PASS" signature="testDemoWebShopLogin(java.lang.String, java.lang.String)[pri:0, instance:seleniumday1.TestLoginDemoWebShop@5b275dab]" name="testDemoWebShopLogin" duration-ms="7313" started-at="2019-02-08T09:51:31Z" data-provider="dp1" finished-at="2019-02-08T09:51:38Z">
          <params>
            <param index="0">
              <value>
                <![CDATA[askmail@kmail.com]]>
              </value>
            </param>
            <param index="1">
              <value>
                <![CDATA[abc123]]>
              </value>
            </param>
          </params>
          <reporter-output>
          </reporter-output>
        </test-method> <!-- testDemoWebShopLogin -->
        <test-method status="PASS" signature="testDemoWebShopLogin(java.lang.String, java.lang.String)[pri:0, instance:seleniumday1.TestLoginDemoWebShop@5b275dab]" name="testDemoWebShopLogin" duration-ms="8532" started-at="2019-02-08T09:51:38Z" data-provider="dp1" finished-at="2019-02-08T09:51:46Z">
          <params>
            <param index="0">
              <value>
                <![CDATA[askmail@email.com]]>
              </value>
            </param>
            <param index="1">
              <value>
                <![CDATA[abc123]]>
              </value>
            </param>
          </params>
          <reporter-output>
          </reporter-output>
        </test-method> <!-- testDemoWebShopLogin -->
        <test-method status="PASS" signature="afterTest()[pri:0, instance:seleniumday1.TestLoginDemoWebShop@5b275dab]" name="afterTest" is-config="true" duration-ms="431" started-at="2019-02-08T09:51:46Z" finished-at="2019-02-08T09:51:47Z">
          <reporter-output>
          </reporter-output>
        </test-method> <!-- afterTest -->
      </class> <!-- seleniumday1.TestLoginDemoWebShop -->
    </test> <!-- Default test -->
  </suite> <!-- Default suite -->
</testng-results>
