<?xml version="1.0" encoding="UTF-8"?>
<!-- Generated by org.testng.reporters.JUnitXMLReporter -->
<testsuite hostname="BDC4-D-1SV8N62" ignored="0" name="Default test" tests="3" failures="0" timestamp="08 Feb 2019 09:51:47 GMT" time="40.018" errors="0">
  <testcase name="testDemoWebShopLogin" time="8.682" classname="seleniumday1.TestLoginDemoWebShop"/>
  <testcase name="testDemoWebShopLogin" time="7.313" classname="seleniumday1.TestLoginDemoWebShop"/>
  <testcase name="testDemoWebShopLogin" time="8.532" classname="seleniumday1.TestLoginDemoWebShop"/>
</testsuite> <!-- Default test -->
